<?xml version="1.0" encoding="UTF-8"?>
<testsuite xmlns:xsi="http://www.w3.org/2001/XMLSchema-instance" xsi:noNamespaceSchemaLocation="https://maven.apache.org/surefire/maven-surefire-plugin/xsd/surefire-test-report-3.0.xsd" version="3.0" name="com.example.service.hh.HhApiTest" time="0.01" tests="4" errors="0" skipped="0" failures="0">
  <properties>
    <property name="java.specification.version" value="21"/>
    <property name="sun.jnu.encoding" value="UTF-8"/>
    <property name="java.class.path" value="/Users/artemsharkov/Documents/MyParser/target/test-classes:/Users/artemsharkov/Documents/MyParser/target/classes:/Users/artemsharkov/.m2/repository/org/junit/jupiter/junit-jupiter/5.10.2/junit-jupiter-5.10.2.jar:/Users/artemsharkov/.m2/repository/org/junit/jupiter/junit-jupiter-api/5.10.2/junit-jupiter-api-5.10.2.jar:/Users/artemsharkov/.m2/repository/org/opentest4j/opentest4j/1.3.0/opentest4j-1.3.0.jar:/Users/artemsharkov/.m2/repository/org/junit/platform/junit-platform-commons/1.10.2/junit-platform-commons-1.10.2.jar:/Users/artemsharkov/.m2/repository/org/junit/jupiter/junit-jupiter-engine/5.10.2/junit-jupiter-engine-5.10.2.jar:/Users/artemsharkov/.m2/repository/org/projectlombok/lombok/1.18.32/lombok-1.18.32.jar:/Users/artemsharkov/.m2/repository/org/springframework/boot/spring-boot-starter/3.2.3/spring-boot-starter-3.2.3.jar:/Users/artemsharkov/.m2/repository/org/springframework/boot/spring-boot/3.2.3/spring-boot-3.2.3.jar:/Users/artemsharkov/.m2/repository/org/springframework/spring-context/6.1.4/spring-context-6.1.4.jar:/Users/artemsharkov/.m2/repository/org/springframework/boot/spring-boot-autoconfigure/3.2.3/spring-boot-autoconfigure-3.2.3.jar:/Users/artemsharkov/.m2/repository/org/springframework/boot/spring-boot-starter-logging/3.2.3/spring-boot-starter-logging-3.2.3.jar:/Users/artemsharkov/.m2/repository/ch/qos/logback/logback-classic/1.4.14/logback-classic-1.4.14.jar:/Users/artemsharkov/.m2/repository/ch/qos/logback/logback-core/1.4.14/logback-core-1.4.14.jar:/Users/artemsharkov/.m2/repository/org/apache/logging/log4j/log4j-to-slf4j/2.21.1/log4j-to-slf4j-2.21.1.jar:/Users/artemsharkov/.m2/repository/org/slf4j/jul-to-slf4j/2.0.12/jul-to-slf4j-2.0.12.jar:/Users/artemsharkov/.m2/repository/jakarta/annotation/jakarta.annotation-api/2.1.1/jakarta.annotation-api-2.1.1.jar:/Users/artemsharkov/.m2/repository/org/springframework/spring-core/6.1.4/spring-core-6.1.4.jar:/Users/artemsharkov/.m2/repository/org/springframework/spring-jcl/6.1.4/spring-jcl-6.1.4.jar:/Users/artemsharkov/.m2/repository/org/yaml/snakeyaml/2.2/snakeyaml-2.2.jar:/Users/artemsharkov/.m2/repository/org/springframework/boot/spring-boot-starter-test/3.2.3/spring-boot-starter-test-3.2.3.jar:/Users/artemsharkov/.m2/repository/org/springframework/boot/spring-boot-test/3.2.3/spring-boot-test-3.2.3.jar:/Users/artemsharkov/.m2/repository/org/springframework/boot/spring-boot-test-autoconfigure/3.2.3/spring-boot-test-autoconfigure-3.2.3.jar:/Users/artemsharkov/.m2/repository/com/jayway/jsonpath/json-path/2.9.0/json-path-2.9.0.jar:/Users/artemsharkov/.m2/repository/org/slf4j/slf4j-api/2.0.12/slf4j-api-2.0.12.jar:/Users/artemsharkov/.m2/repository/jakarta/xml/bind/jakarta.xml.bind-api/4.0.1/jakarta.xml.bind-api-4.0.1.jar:/Users/artemsharkov/.m2/repository/jakarta/activation/jakarta.activation-api/2.1.2/jakarta.activation-api-2.1.2.jar:/Users/artemsharkov/.m2/repository/net/minidev/json-smart/2.5.0/json-smart-2.5.0.jar:/Users/artemsharkov/.m2/repository/net/minidev/accessors-smart/2.5.0/accessors-smart-2.5.0.jar:/Users/artemsharkov/.m2/repository/org/ow2/asm/asm/9.3/asm-9.3.jar:/Users/artemsharkov/.m2/repository/org/assertj/assertj-core/3.24.2/assertj-core-3.24.2.jar:/Users/artemsharkov/.m2/repository/org/awaitility/awaitility/4.2.0/awaitility-4.2.0.jar:/Users/artemsharkov/.m2/repository/org/hamcrest/hamcrest/2.2/hamcrest-2.2.jar:/Users/artemsharkov/.m2/repository/org/mockito/mockito-junit-jupiter/5.7.0/mockito-junit-jupiter-5.7.0.jar:/Users/artemsharkov/.m2/repository/org/skyscreamer/jsonassert/1.5.1/jsonassert-1.5.1.jar:/Users/artemsharkov/.m2/repository/com/vaadin/external/google/android-json/0.0.20131108.vaadin1/android-json-0.0.20131108.vaadin1.jar:/Users/artemsharkov/.m2/repository/org/springframework/spring-test/6.1.4/spring-test-6.1.4.jar:/Users/artemsharkov/.m2/repository/org/xmlunit/xmlunit-core/2.9.1/xmlunit-core-2.9.1.jar:/Users/artemsharkov/.m2/repository/com/fasterxml/jackson/core/jackson-databind/2.15.4/jackson-databind-2.15.4.jar:/Users/artemsharkov/.m2/repository/com/fasterxml/jackson/core/jackson-annotations/2.15.4/jackson-annotations-2.15.4.jar:/Users/artemsharkov/.m2/repository/com/fasterxml/jackson/core/jackson-core/2.15.4/jackson-core-2.15.4.jar:/Users/artemsharkov/.m2/repository/org/springframework/boot/spring-boot-starter-web/3.2.3/spring-boot-starter-web-3.2.3.jar:/Users/artemsharkov/.m2/repository/org/springframework/boot/spring-boot-starter-json/3.2.3/spring-boot-starter-json-3.2.3.jar:/Users/artemsharkov/.m2/repository/com/fasterxml/jackson/datatype/jackson-datatype-jdk8/2.15.4/jackson-datatype-jdk8-2.15.4.jar:/Users/artemsharkov/.m2/repository/com/fasterxml/jackson/datatype/jackson-datatype-jsr310/2.15.4/jackson-datatype-jsr310-2.15.4.jar:/Users/artemsharkov/.m2/repository/com/fasterxml/jackson/module/jackson-module-parameter-names/2.15.4/jackson-module-parameter-names-2.15.4.jar:/Users/artemsharkov/.m2/repository/org/springframework/boot/spring-boot-starter-tomcat/3.2.3/spring-boot-starter-tomcat-3.2.3.jar:/Users/artemsharkov/.m2/repository/org/apache/tomcat/embed/tomcat-embed-core/10.1.19/tomcat-embed-core-10.1.19.jar:/Users/artemsharkov/.m2/repository/org/apache/tomcat/embed/tomcat-embed-el/10.1.19/tomcat-embed-el-10.1.19.jar:/Users/artemsharkov/.m2/repository/org/apache/tomcat/embed/tomcat-embed-websocket/10.1.19/tomcat-embed-websocket-10.1.19.jar:/Users/artemsharkov/.m2/repository/org/springframework/spring-web/6.1.4/spring-web-6.1.4.jar:/Users/artemsharkov/.m2/repository/org/springframework/spring-beans/6.1.4/spring-beans-6.1.4.jar:/Users/artemsharkov/.m2/repository/io/micrometer/micrometer-observation/1.12.3/micrometer-observation-1.12.3.jar:/Users/artemsharkov/.m2/repository/io/micrometer/micrometer-commons/1.12.3/micrometer-commons-1.12.3.jar:/Users/artemsharkov/.m2/repository/org/springframework/spring-webmvc/6.1.4/spring-webmvc-6.1.4.jar:/Users/artemsharkov/.m2/repository/org/springframework/spring-aop/6.1.4/spring-aop-6.1.4.jar:/Users/artemsharkov/.m2/repository/org/springframework/spring-expression/6.1.4/spring-expression-6.1.4.jar:/Users/artemsharkov/.m2/repository/org/springframework/boot/spring-boot-devtools/3.2.3/spring-boot-devtools-3.2.3.jar:/Users/artemsharkov/.m2/repository/org/springframework/boot/spring-boot-starter-data-jpa/3.2.3/spring-boot-starter-data-jpa-3.2.3.jar:/Users/artemsharkov/.m2/repository/org/springframework/boot/spring-boot-starter-aop/3.2.3/spring-boot-starter-aop-3.2.3.jar:/Users/artemsharkov/.m2/repository/org/aspectj/aspectjweaver/1.9.21/aspectjweaver-1.9.21.jar:/Users/artemsharkov/.m2/repository/org/springframework/boot/spring-boot-starter-jdbc/3.2.3/spring-boot-starter-jdbc-3.2.3.jar:/Users/artemsharkov/.m2/repository/com/zaxxer/HikariCP/5.0.1/HikariCP-5.0.1.jar:/Users/artemsharkov/.m2/repository/org/springframework/spring-jdbc/6.1.4/spring-jdbc-6.1.4.jar:/Users/artemsharkov/.m2/repository/org/hibernate/orm/hibernate-core/6.4.4.Final/hibernate-core-6.4.4.Final.jar:/Users/artemsharkov/.m2/repository/jakarta/persistence/jakarta.persistence-api/3.1.0/jakarta.persistence-api-3.1.0.jar:/Users/artemsharkov/.m2/repository/jakarta/transaction/jakarta.transaction-api/2.0.1/jakarta.transaction-api-2.0.1.jar:/Users/artemsharkov/.m2/repository/org/jboss/logging/jboss-logging/3.5.3.Final/jboss-logging-3.5.3.Final.jar:/Users/artemsharkov/.m2/repository/org/hibernate/common/hibernate-commons-annotations/6.0.6.Final/hibernate-commons-annotations-6.0.6.Final.jar:/Users/artemsharkov/.m2/repository/io/smallrye/jandex/3.1.2/jandex-3.1.2.jar:/Users/artemsharkov/.m2/repository/com/fasterxml/classmate/1.6.0/classmate-1.6.0.jar:/Users/artemsharkov/.m2/repository/org/glassfish/jaxb/jaxb-runtime/4.0.4/jaxb-runtime-4.0.4.jar:/Users/artemsharkov/.m2/repository/org/glassfish/jaxb/jaxb-core/4.0.4/jaxb-core-4.0.4.jar:/Users/artemsharkov/.m2/repository/org/eclipse/angus/angus-activation/2.0.1/angus-activation-2.0.1.jar:/Users/artemsharkov/.m2/repository/org/glassfish/jaxb/txw2/4.0.4/txw2-4.0.4.jar:/Users/artemsharkov/.m2/repository/com/sun/istack/istack-commons-runtime/4.1.2/istack-commons-runtime-4.1.2.jar:/Users/artemsharkov/.m2/repository/jakarta/inject/jakarta.inject-api/2.0.1/jakarta.inject-api-2.0.1.jar:/Users/artemsharkov/.m2/repository/org/antlr/antlr4-runtime/4.13.0/antlr4-runtime-4.13.0.jar:/Users/artemsharkov/.m2/repository/org/springframework/data/spring-data-jpa/3.2.3/spring-data-jpa-3.2.3.jar:/Users/artemsharkov/.m2/repository/org/springframework/data/spring-data-commons/3.2.3/spring-data-commons-3.2.3.jar:/Users/artemsharkov/.m2/repository/org/springframework/spring-orm/6.1.4/spring-orm-6.1.4.jar:/Users/artemsharkov/.m2/repository/org/springframework/spring-tx/6.1.4/spring-tx-6.1.4.jar:/Users/artemsharkov/.m2/repository/org/springframework/spring-aspects/6.1.4/spring-aspects-6.1.4.jar:/Users/artemsharkov/.m2/repository/org/postgresql/postgresql/42.6.1/postgresql-42.6.1.jar:/Users/artemsharkov/.m2/repository/org/checkerframework/checker-qual/3.31.0/checker-qual-3.31.0.jar:/Users/artemsharkov/.m2/repository/org/springdoc/springdoc-openapi-starter-webmvc-ui/2.3.0/springdoc-openapi-starter-webmvc-ui-2.3.0.jar:/Users/artemsharkov/.m2/repository/org/springdoc/springdoc-openapi-starter-webmvc-api/2.3.0/springdoc-openapi-starter-webmvc-api-2.3.0.jar:/Users/artemsharkov/.m2/repository/org/springdoc/springdoc-openapi-starter-common/2.3.0/springdoc-openapi-starter-common-2.3.0.jar:/Users/artemsharkov/.m2/repository/io/swagger/core/v3/swagger-core-jakarta/2.2.19/swagger-core-jakarta-2.2.19.jar:/Users/artemsharkov/.m2/repository/org/apache/commons/commons-lang3/3.13.0/commons-lang3-3.13.0.jar:/Users/artemsharkov/.m2/repository/io/swagger/core/v3/swagger-annotations-jakarta/2.2.19/swagger-annotations-jakarta-2.2.19.jar:/Users/artemsharkov/.m2/repository/io/swagger/core/v3/swagger-models-jakarta/2.2.19/swagger-models-jakarta-2.2.19.jar:/Users/artemsharkov/.m2/repository/jakarta/validation/jakarta.validation-api/3.0.2/jakarta.validation-api-3.0.2.jar:/Users/artemsharkov/.m2/repository/com/fasterxml/jackson/dataformat/jackson-dataformat-yaml/2.15.4/jackson-dataformat-yaml-2.15.4.jar:/Users/artemsharkov/.m2/repository/org/webjars/swagger-ui/5.10.3/swagger-ui-5.10.3.jar:/Users/artemsharkov/.m2/repository/org/springframework/boot/spring-boot-starter-thymeleaf/3.2.3/spring-boot-starter-thymeleaf-3.2.3.jar:/Users/artemsharkov/.m2/repository/org/thymeleaf/thymeleaf-spring6/3.1.2.RELEASE/thymeleaf-spring6-3.1.2.RELEASE.jar:/Users/artemsharkov/.m2/repository/org/thymeleaf/thymeleaf/3.1.2.RELEASE/thymeleaf-3.1.2.RELEASE.jar:/Users/artemsharkov/.m2/repository/org/attoparser/attoparser/2.0.7.RELEASE/attoparser-2.0.7.RELEASE.jar:/Users/artemsharkov/.m2/repository/org/unbescape/unbescape/1.1.6.RELEASE/unbescape-1.1.6.RELEASE.jar:/Users/artemsharkov/.m2/repository/org/springframework/boot/spring-boot-configuration-processor/3.2.3/spring-boot-configuration-processor-3.2.3.jar:/Users/artemsharkov/.m2/repository/com/h2database/h2/2.2.224/h2-2.2.224.jar:/Users/artemsharkov/.m2/repository/org/junit/platform/junit-platform-launcher/1.10.2/junit-platform-launcher-1.10.2.jar:/Users/artemsharkov/.m2/repository/org/junit/platform/junit-platform-engine/1.10.2/junit-platform-engine-1.10.2.jar:/Users/artemsharkov/.m2/repository/org/apiguardian/apiguardian-api/1.1.2/apiguardian-api-1.1.2.jar:/Users/artemsharkov/.m2/repository/org/junit/platform/junit-platform-suite-engine/1.9.2/junit-platform-suite-engine-1.9.2.jar:/Users/artemsharkov/.m2/repository/org/junit/platform/junit-platform-suite-api/1.10.2/junit-platform-suite-api-1.10.2.jar:/Users/artemsharkov/.m2/repository/org/junit/platform/junit-platform-suite-commons/1.10.2/junit-platform-suite-commons-1.10.2.jar:/Users/artemsharkov/.m2/repository/org/junit/jupiter/junit-jupiter-params/5.10.2/junit-jupiter-params-5.10.2.jar:/Users/artemsharkov/.m2/repository/org/mockito/mockito-core/5.12.0/mockito-core-5.12.0.jar:/Users/artemsharkov/.m2/repository/net/bytebuddy/byte-buddy-agent/1.14.12/byte-buddy-agent-1.14.12.jar:/Users/artemsharkov/.m2/repository/org/objenesis/objenesis/3.3/objenesis-3.3.jar:/Users/artemsharkov/.m2/repository/net/bytebuddy/byte-buddy/1.14.12/byte-buddy-1.14.12.jar:/Users/artemsharkov/.m2/repository/org/apache/poi/poi-ooxml/5.2.3/poi-ooxml-5.2.3.jar:/Users/artemsharkov/.m2/repository/org/apache/poi/poi/5.2.3/poi-5.2.3.jar:/Users/artemsharkov/.m2/repository/commons-codec/commons-codec/1.16.1/commons-codec-1.16.1.jar:/Users/artemsharkov/.m2/repository/org/apache/commons/commons-math3/3.6.1/commons-math3-3.6.1.jar:/Users/artemsharkov/.m2/repository/com/zaxxer/SparseBitSet/1.2/SparseBitSet-1.2.jar:/Users/artemsharkov/.m2/repository/org/apache/poi/poi-ooxml-lite/5.2.3/poi-ooxml-lite-5.2.3.jar:/Users/artemsharkov/.m2/repository/org/apache/xmlbeans/xmlbeans/5.1.1/xmlbeans-5.1.1.jar:/Users/artemsharkov/.m2/repository/org/apache/commons/commons-compress/1.21/commons-compress-1.21.jar:/Users/artemsharkov/.m2/repository/commons-io/commons-io/2.11.0/commons-io-2.11.0.jar:/Users/artemsharkov/.m2/repository/com/github/virtuald/curvesapi/1.07/curvesapi-1.07.jar:/Users/artemsharkov/.m2/repository/org/apache/logging/log4j/log4j-api/2.21.1/log4j-api-2.21.1.jar:/Users/artemsharkov/.m2/repository/org/apache/commons/commons-collections4/4.4/commons-collections4-4.4.jar:/Users/artemsharkov/.m2/repository/com/google/code/gson/gson/2.10.1/gson-2.10.1.jar:"/>
    <property name="sun.awt.enableExtraMouseButtons" value="true"/>
    <property name="java.vm.vendor" value="Microsoft"/>
    <property name="sun.arch.data.model" value="64"/>
    <property name="catalina.useNaming" value="false"/>
    <property name="java.vendor.url" value="https://www.microsoft.com"/>
    <property name="user.timezone" value="Europe/Moscow"/>
    <property name="org.jboss.logging.provider" value="slf4j"/>
    <property name="os.name" value="Mac OS X"/>
    <property name="java.vm.specification.version" value="21"/>
    <property name="sun.java.launcher" value="SUN_STANDARD"/>
    <property name="user.country" value="US"/>
    <property name="sun.boot.library.path" value="/Users/artemsharkov/Library/Java/JavaVirtualMachines/ms-21.0.7/Contents/Home/lib"/>
    <property name="sun.java.command" value="/Users/artemsharkov/Documents/MyParser/target/surefire/surefirebooter-20250607004740070_3.jar /Users/artemsharkov/Documents/MyParser/target/surefire 2025-06-07T00-47-40_027-jvmRun1 surefire-20250607004740070_1tmp surefire_0-20250607004740070_2tmp"/>
    <property name="http.nonProxyHosts" value="local|*.local|169.254/16|*.169.254/16"/>
    <property name="jdk.debug" value="release"/>
    <property name="surefire.test.class.path" value="/Users/artemsharkov/Documents/MyParser/target/test-classes:/Users/artemsharkov/Documents/MyParser/target/classes:/Users/artemsharkov/.m2/repository/org/junit/jupiter/junit-jupiter/5.10.2/junit-jupiter-5.10.2.jar:/Users/artemsharkov/.m2/repository/org/junit/jupiter/junit-jupiter-api/5.10.2/junit-jupiter-api-5.10.2.jar:/Users/artemsharkov/.m2/repository/org/opentest4j/opentest4j/1.3.0/opentest4j-1.3.0.jar:/Users/artemsharkov/.m2/repository/org/junit/platform/junit-platform-commons/1.10.2/junit-platform-commons-1.10.2.jar:/Users/artemsharkov/.m2/repository/org/junit/jupiter/junit-jupiter-engine/5.10.2/junit-jupiter-engine-5.10.2.jar:/Users/artemsharkov/.m2/repository/org/projectlombok/lombok/1.18.32/lombok-1.18.32.jar:/Users/artemsharkov/.m2/repository/org/springframework/boot/spring-boot-starter/3.2.3/spring-boot-starter-3.2.3.jar:/Users/artemsharkov/.m2/repository/org/springframework/boot/spring-boot/3.2.3/spring-boot-3.2.3.jar:/Users/artemsharkov/.m2/repository/org/springframework/spring-context/6.1.4/spring-context-6.1.4.jar:/Users/artemsharkov/.m2/repository/org/springframework/boot/spring-boot-autoconfigure/3.2.3/spring-boot-autoconfigure-3.2.3.jar:/Users/artemsharkov/.m2/repository/org/springframework/boot/spring-boot-starter-logging/3.2.3/spring-boot-starter-logging-3.2.3.jar:/Users/artemsharkov/.m2/repository/ch/qos/logback/logback-classic/1.4.14/logback-classic-1.4.14.jar:/Users/artemsharkov/.m2/repository/ch/qos/logback/logback-core/1.4.14/logback-core-1.4.14.jar:/Users/artemsharkov/.m2/repository/org/apache/logging/log4j/log4j-to-slf4j/2.21.1/log4j-to-slf4j-2.21.1.jar:/Users/artemsharkov/.m2/repository/org/slf4j/jul-to-slf4j/2.0.12/jul-to-slf4j-2.0.12.jar:/Users/artemsharkov/.m2/repository/jakarta/annotation/jakarta.annotation-api/2.1.1/jakarta.annotation-api-2.1.1.jar:/Users/artemsharkov/.m2/repository/org/springframework/spring-core/6.1.4/spring-core-6.1.4.jar:/Users/artemsharkov/.m2/repository/org/springframework/spring-jcl/6.1.4/spring-jcl-6.1.4.jar:/Users/artemsharkov/.m2/repository/org/yaml/snakeyaml/2.2/snakeyaml-2.2.jar:/Users/artemsharkov/.m2/repository/org/springframework/boot/spring-boot-starter-test/3.2.3/spring-boot-starter-test-3.2.3.jar:/Users/artemsharkov/.m2/repository/org/springframework/boot/spring-boot-test/3.2.3/spring-boot-test-3.2.3.jar:/Users/artemsharkov/.m2/repository/org/springframework/boot/spring-boot-test-autoconfigure/3.2.3/spring-boot-test-autoconfigure-3.2.3.jar:/Users/artemsharkov/.m2/repository/com/jayway/jsonpath/json-path/2.9.0/json-path-2.9.0.jar:/Users/artemsharkov/.m2/repository/org/slf4j/slf4j-api/2.0.12/slf4j-api-2.0.12.jar:/Users/artemsharkov/.m2/repository/jakarta/xml/bind/jakarta.xml.bind-api/4.0.1/jakarta.xml.bind-api-4.0.1.jar:/Users/artemsharkov/.m2/repository/jakarta/activation/jakarta.activation-api/2.1.2/jakarta.activation-api-2.1.2.jar:/Users/artemsharkov/.m2/repository/net/minidev/json-smart/2.5.0/json-smart-2.5.0.jar:/Users/artemsharkov/.m2/repository/net/minidev/accessors-smart/2.5.0/accessors-smart-2.5.0.jar:/Users/artemsharkov/.m2/repository/org/ow2/asm/asm/9.3/asm-9.3.jar:/Users/artemsharkov/.m2/repository/org/assertj/assertj-core/3.24.2/assertj-core-3.24.2.jar:/Users/artemsharkov/.m2/repository/org/awaitility/awaitility/4.2.0/awaitility-4.2.0.jar:/Users/artemsharkov/.m2/repository/org/hamcrest/hamcrest/2.2/hamcrest-2.2.jar:/Users/artemsharkov/.m2/repository/org/mockito/mockito-junit-jupiter/5.7.0/mockito-junit-jupiter-5.7.0.jar:/Users/artemsharkov/.m2/repository/org/skyscreamer/jsonassert/1.5.1/jsonassert-1.5.1.jar:/Users/artemsharkov/.m2/repository/com/vaadin/external/google/android-json/0.0.20131108.vaadin1/android-json-0.0.20131108.vaadin1.jar:/Users/artemsharkov/.m2/repository/org/springframework/spring-test/6.1.4/spring-test-6.1.4.jar:/Users/artemsharkov/.m2/repository/org/xmlunit/xmlunit-core/2.9.1/xmlunit-core-2.9.1.jar:/Users/artemsharkov/.m2/repository/com/fasterxml/jackson/core/jackson-databind/2.15.4/jackson-databind-2.15.4.jar:/Users/artemsharkov/.m2/repository/com/fasterxml/jackson/core/jackson-annotations/2.15.4/jackson-annotations-2.15.4.jar:/Users/artemsharkov/.m2/repository/com/fasterxml/jackson/core/jackson-core/2.15.4/jackson-core-2.15.4.jar:/Users/artemsharkov/.m2/repository/org/springframework/boot/spring-boot-starter-web/3.2.3/spring-boot-starter-web-3.2.3.jar:/Users/artemsharkov/.m2/repository/org/springframework/boot/spring-boot-starter-json/3.2.3/spring-boot-starter-json-3.2.3.jar:/Users/artemsharkov/.m2/repository/com/fasterxml/jackson/datatype/jackson-datatype-jdk8/2.15.4/jackson-datatype-jdk8-2.15.4.jar:/Users/artemsharkov/.m2/repository/com/fasterxml/jackson/datatype/jackson-datatype-jsr310/2.15.4/jackson-datatype-jsr310-2.15.4.jar:/Users/artemsharkov/.m2/repository/com/fasterxml/jackson/module/jackson-module-parameter-names/2.15.4/jackson-module-parameter-names-2.15.4.jar:/Users/artemsharkov/.m2/repository/org/springframework/boot/spring-boot-starter-tomcat/3.2.3/spring-boot-starter-tomcat-3.2.3.jar:/Users/artemsharkov/.m2/repository/org/apache/tomcat/embed/tomcat-embed-core/10.1.19/tomcat-embed-core-10.1.19.jar:/Users/artemsharkov/.m2/repository/org/apache/tomcat/embed/tomcat-embed-el/10.1.19/tomcat-embed-el-10.1.19.jar:/Users/artemsharkov/.m2/repository/org/apache/tomcat/embed/tomcat-embed-websocket/10.1.19/tomcat-embed-websocket-10.1.19.jar:/Users/artemsharkov/.m2/repository/org/springframework/spring-web/6.1.4/spring-web-6.1.4.jar:/Users/artemsharkov/.m2/repository/org/springframework/spring-beans/6.1.4/spring-beans-6.1.4.jar:/Users/artemsharkov/.m2/repository/io/micrometer/micrometer-observation/1.12.3/micrometer-observation-1.12.3.jar:/Users/artemsharkov/.m2/repository/io/micrometer/micrometer-commons/1.12.3/micrometer-commons-1.12.3.jar:/Users/artemsharkov/.m2/repository/org/springframework/spring-webmvc/6.1.4/spring-webmvc-6.1.4.jar:/Users/artemsharkov/.m2/repository/org/springframework/spring-aop/6.1.4/spring-aop-6.1.4.jar:/Users/artemsharkov/.m2/repository/org/springframework/spring-expression/6.1.4/spring-expression-6.1.4.jar:/Users/artemsharkov/.m2/repository/org/springframework/boot/spring-boot-devtools/3.2.3/spring-boot-devtools-3.2.3.jar:/Users/artemsharkov/.m2/repository/org/springframework/boot/spring-boot-starter-data-jpa/3.2.3/spring-boot-starter-data-jpa-3.2.3.jar:/Users/artemsharkov/.m2/repository/org/springframework/boot/spring-boot-starter-aop/3.2.3/spring-boot-starter-aop-3.2.3.jar:/Users/artemsharkov/.m2/repository/org/aspectj/aspectjweaver/1.9.21/aspectjweaver-1.9.21.jar:/Users/artemsharkov/.m2/repository/org/springframework/boot/spring-boot-starter-jdbc/3.2.3/spring-boot-starter-jdbc-3.2.3.jar:/Users/artemsharkov/.m2/repository/com/zaxxer/HikariCP/5.0.1/HikariCP-5.0.1.jar:/Users/artemsharkov/.m2/repository/org/springframework/spring-jdbc/6.1.4/spring-jdbc-6.1.4.jar:/Users/artemsharkov/.m2/repository/org/hibernate/orm/hibernate-core/6.4.4.Final/hibernate-core-6.4.4.Final.jar:/Users/artemsharkov/.m2/repository/jakarta/persistence/jakarta.persistence-api/3.1.0/jakarta.persistence-api-3.1.0.jar:/Users/artemsharkov/.m2/repository/jakarta/transaction/jakarta.transaction-api/2.0.1/jakarta.transaction-api-2.0.1.jar:/Users/artemsharkov/.m2/repository/org/jboss/logging/jboss-logging/3.5.3.Final/jboss-logging-3.5.3.Final.jar:/Users/artemsharkov/.m2/repository/org/hibernate/common/hibernate-commons-annotations/6.0.6.Final/hibernate-commons-annotations-6.0.6.Final.jar:/Users/artemsharkov/.m2/repository/io/smallrye/jandex/3.1.2/jandex-3.1.2.jar:/Users/artemsharkov/.m2/repository/com/fasterxml/classmate/1.6.0/classmate-1.6.0.jar:/Users/artemsharkov/.m2/repository/org/glassfish/jaxb/jaxb-runtime/4.0.4/jaxb-runtime-4.0.4.jar:/Users/artemsharkov/.m2/repository/org/glassfish/jaxb/jaxb-core/4.0.4/jaxb-core-4.0.4.jar:/Users/artemsharkov/.m2/repository/org/eclipse/angus/angus-activation/2.0.1/angus-activation-2.0.1.jar:/Users/artemsharkov/.m2/repository/org/glassfish/jaxb/txw2/4.0.4/txw2-4.0.4.jar:/Users/artemsharkov/.m2/repository/com/sun/istack/istack-commons-runtime/4.1.2/istack-commons-runtime-4.1.2.jar:/Users/artemsharkov/.m2/repository/jakarta/inject/jakarta.inject-api/2.0.1/jakarta.inject-api-2.0.1.jar:/Users/artemsharkov/.m2/repository/org/antlr/antlr4-runtime/4.13.0/antlr4-runtime-4.13.0.jar:/Users/artemsharkov/.m2/repository/org/springframework/data/spring-data-jpa/3.2.3/spring-data-jpa-3.2.3.jar:/Users/artemsharkov/.m2/repository/org/springframework/data/spring-data-commons/3.2.3/spring-data-commons-3.2.3.jar:/Users/artemsharkov/.m2/repository/org/springframework/spring-orm/6.1.4/spring-orm-6.1.4.jar:/Users/artemsharkov/.m2/repository/org/springframework/spring-tx/6.1.4/spring-tx-6.1.4.jar:/Users/artemsharkov/.m2/repository/org/springframework/spring-aspects/6.1.4/spring-aspects-6.1.4.jar:/Users/artemsharkov/.m2/repository/org/postgresql/postgresql/42.6.1/postgresql-42.6.1.jar:/Users/artemsharkov/.m2/repository/org/checkerframework/checker-qual/3.31.0/checker-qual-3.31.0.jar:/Users/artemsharkov/.m2/repository/org/springdoc/springdoc-openapi-starter-webmvc-ui/2.3.0/springdoc-openapi-starter-webmvc-ui-2.3.0.jar:/Users/artemsharkov/.m2/repository/org/springdoc/springdoc-openapi-starter-webmvc-api/2.3.0/springdoc-openapi-starter-webmvc-api-2.3.0.jar:/Users/artemsharkov/.m2/repository/org/springdoc/springdoc-openapi-starter-common/2.3.0/springdoc-openapi-starter-common-2.3.0.jar:/Users/artemsharkov/.m2/repository/io/swagger/core/v3/swagger-core-jakarta/2.2.19/swagger-core-jakarta-2.2.19.jar:/Users/artemsharkov/.m2/repository/org/apache/commons/commons-lang3/3.13.0/commons-lang3-3.13.0.jar:/Users/artemsharkov/.m2/repository/io/swagger/core/v3/swagger-annotations-jakarta/2.2.19/swagger-annotations-jakarta-2.2.19.jar:/Users/artemsharkov/.m2/repository/io/swagger/core/v3/swagger-models-jakarta/2.2.19/swagger-models-jakarta-2.2.19.jar:/Users/artemsharkov/.m2/repository/jakarta/validation/jakarta.validation-api/3.0.2/jakarta.validation-api-3.0.2.jar:/Users/artemsharkov/.m2/repository/com/fasterxml/jackson/dataformat/jackson-dataformat-yaml/2.15.4/jackson-dataformat-yaml-2.15.4.jar:/Users/artemsharkov/.m2/repository/org/webjars/swagger-ui/5.10.3/swagger-ui-5.10.3.jar:/Users/artemsharkov/.m2/repository/org/springframework/boot/spring-boot-starter-thymeleaf/3.2.3/spring-boot-starter-thymeleaf-3.2.3.jar:/Users/artemsharkov/.m2/repository/org/thymeleaf/thymeleaf-spring6/3.1.2.RELEASE/thymeleaf-spring6-3.1.2.RELEASE.jar:/Users/artemsharkov/.m2/repository/org/thymeleaf/thymeleaf/3.1.2.RELEASE/thymeleaf-3.1.2.RELEASE.jar:/Users/artemsharkov/.m2/repository/org/attoparser/attoparser/2.0.7.RELEASE/attoparser-2.0.7.RELEASE.jar:/Users/artemsharkov/.m2/repository/org/unbescape/unbescape/1.1.6.RELEASE/unbescape-1.1.6.RELEASE.jar:/Users/artemsharkov/.m2/repository/org/springframework/boot/spring-boot-configuration-processor/3.2.3/spring-boot-configuration-processor-3.2.3.jar:/Users/artemsharkov/.m2/repository/com/h2database/h2/2.2.224/h2-2.2.224.jar:/Users/artemsharkov/.m2/repository/org/junit/platform/junit-platform-launcher/1.10.2/junit-platform-launcher-1.10.2.jar:/Users/artemsharkov/.m2/repository/org/junit/platform/junit-platform-engine/1.10.2/junit-platform-engine-1.10.2.jar:/Users/artemsharkov/.m2/repository/org/apiguardian/apiguardian-api/1.1.2/apiguardian-api-1.1.2.jar:/Users/artemsharkov/.m2/repository/org/junit/platform/junit-platform-suite-engine/1.9.2/junit-platform-suite-engine-1.9.2.jar:/Users/artemsharkov/.m2/repository/org/junit/platform/junit-platform-suite-api/1.10.2/junit-platform-suite-api-1.10.2.jar:/Users/artemsharkov/.m2/repository/org/junit/platform/junit-platform-suite-commons/1.10.2/junit-platform-suite-commons-1.10.2.jar:/Users/artemsharkov/.m2/repository/org/junit/jupiter/junit-jupiter-params/5.10.2/junit-jupiter-params-5.10.2.jar:/Users/artemsharkov/.m2/repository/org/mockito/mockito-core/5.12.0/mockito-core-5.12.0.jar:/Users/artemsharkov/.m2/repository/net/bytebuddy/byte-buddy-agent/1.14.12/byte-buddy-agent-1.14.12.jar:/Users/artemsharkov/.m2/repository/org/objenesis/objenesis/3.3/objenesis-3.3.jar:/Users/artemsharkov/.m2/repository/net/bytebuddy/byte-buddy/1.14.12/byte-buddy-1.14.12.jar:/Users/artemsharkov/.m2/repository/org/apache/poi/poi-ooxml/5.2.3/poi-ooxml-5.2.3.jar:/Users/artemsharkov/.m2/repository/org/apache/poi/poi/5.2.3/poi-5.2.3.jar:/Users/artemsharkov/.m2/repository/commons-codec/commons-codec/1.16.1/commons-codec-1.16.1.jar:/Users/artemsharkov/.m2/repository/org/apache/commons/commons-math3/3.6.1/commons-math3-3.6.1.jar:/Users/artemsharkov/.m2/repository/com/zaxxer/SparseBitSet/1.2/SparseBitSet-1.2.jar:/Users/artemsharkov/.m2/repository/org/apache/poi/poi-ooxml-lite/5.2.3/poi-ooxml-lite-5.2.3.jar:/Users/artemsharkov/.m2/repository/org/apache/xmlbeans/xmlbeans/5.1.1/xmlbeans-5.1.1.jar:/Users/artemsharkov/.m2/repository/org/apache/commons/commons-compress/1.21/commons-compress-1.21.jar:/Users/artemsharkov/.m2/repository/commons-io/commons-io/2.11.0/commons-io-2.11.0.jar:/Users/artemsharkov/.m2/repository/com/github/virtuald/curvesapi/1.07/curvesapi-1.07.jar:/Users/artemsharkov/.m2/repository/org/apache/logging/log4j/log4j-api/2.21.1/log4j-api-2.21.1.jar:/Users/artemsharkov/.m2/repository/org/apache/commons/commons-collections4/4.4/commons-collections4-4.4.jar:/Users/artemsharkov/.m2/repository/com/google/code/gson/gson/2.10.1/gson-2.10.1.jar:"/>
    <property name="sun.cpu.endian" value="little"/>
    <property name="user.home" value="/Users/artemsharkov"/>
    <property name="user.language" value="en"/>
    <property name="java.specification.vendor" value="Oracle Corporation"/>
    <property name="java.version.date" value="2025-04-15"/>
    <property name="java.home" value="/Users/artemsharkov/Library/Java/JavaVirtualMachines/ms-21.0.7/Contents/Home"/>
    <property name="file.separator" value="/"/>
    <property name="basedir" value="/Users/artemsharkov/Documents/MyParser"/>
    <property name="java.vm.compressedOopsMode" value="Zero based"/>
    <property name="line.separator" value="&#10;"/>
    <property name="java.vm.specification.vendor" value="Oracle Corporation"/>
    <property name="java.specification.name" value="Java Platform API Specification"/>
    <property name="FILE_LOG_CHARSET" value="UTF-8"/>
    <property name="java.awt.headless" value="true"/>
    <property name="apple.awt.application.name" value="ForkedBooter"/>
    <property name="surefire.real.class.path" value="/Users/artemsharkov/Documents/MyParser/target/surefire/surefirebooter-20250607004740070_3.jar"/>
    <property name="sun.management.compiler" value="HotSpot 64-Bit Tiered Compilers"/>
    <property name="ftp.nonProxyHosts" value="local|*.local|169.254/16|*.169.254/16"/>
    <property name="java.runtime.version" value="21.0.7+6-LTS"/>
    <property name="user.name" value="artemsharkov"/>
    <property name="stdout.encoding" value="UTF-8"/>
    <property name="path.separator" value=":"/>
    <property name="os.version" value="15.5"/>
    <property name="java.runtime.name" value="OpenJDK Runtime Environment"/>
    <property name="file.encoding" value="UTF-8"/>
    <property name="java.vm.name" value="OpenJDK 64-Bit Server VM"/>
    <property name="java.vendor.version" value="Microsoft-11369939"/>
    <property name="localRepository" value="/Users/artemsharkov/.m2/repository"/>
    <property name="java.vendor.url.bug" value="https://github.com/microsoft/openjdk/issues"/>
    <property name="java.io.tmpdir" value="/var/folders/pv/blp3zp192cs1zb_sm1d9rrqh0000gn/T/"/>
    <property name="idea.version" value="2025.1.1.1"/>
    <property name="com.zaxxer.hikari.pool_number" value="3"/>
    <property name="catalina.home" value="/private/var/folders/pv/blp3zp192cs1zb_sm1d9rrqh0000gn/T/tomcat.8080.12936371036919617847"/>
    <property name="java.version" value="21.0.7"/>
    <property name="user.dir" value="/Users/artemsharkov/Documents/MyParser"/>
    <property name="os.arch" value="aarch64"/>
    <property name="java.vm.specification.name" value="Java Virtual Machine Specification"/>
    <property name="PID" value="28832"/>
    <property name="CONSOLE_LOG_CHARSET" value="UTF-8"/>
    <property name="catalina.base" value="/private/var/folders/pv/blp3zp192cs1zb_sm1d9rrqh0000gn/T/tomcat.8080.7774036158615133965"/>
    <property name="native.encoding" value="UTF-8"/>
    <property name="java.library.path" value="/Users/artemsharkov/Library/Java/Extensions:/Library/Java/Extensions:/Network/Library/Java/Extensions:/System/Library/Java/Extensions:/usr/lib/java:."/>
    <property name="java.vm.info" value="mixed mode, sharing"/>
    <property name="stderr.encoding" value="UTF-8"/>
    <property name="java.vendor" value="Microsoft"/>
    <property name="java.vm.version" value="21.0.7+6-LTS"/>
    <property name="sun.io.unicode.encoding" value="UnicodeBig"/>
    <property name="socksNonProxyHosts" value="local|*.local|169.254/16|*.169.254/16"/>
    <property name="java.class.version" value="65.0"/>
    <property name="CONSOLE_LOG_PATTERN" value="%d{yyyy-MM-dd HH:mm:ss} [%thread] %-5level %logger{36} - %msg%n"/>
  </properties>
  <testcase name="fetchVacanciesPageDifferentCity" classname="com.example.service.hh.HhApiTest" time="0.593">
    <system-out><![CDATA[Hibernate: 
    select
        v1_0.id 
    from
        vacancies v1_0 
    where
        v1_0.link=? 
    fetch
        first ? rows only
Hibernate: 
    select
        v1_0.id 
    from
        vacancies v1_0 
    where
        v1_0.link=? 
    fetch
        first ? rows only
Hibernate: 
    select
        v1_0.id 
    from
        vacancies v1_0 
    where
        v1_0.link=? 
    fetch
        first ? rows only
Hibernate: 
    select
        v1_0.id 
    from
        vacancies v1_0 
    where
        v1_0.link=? 
    fetch
        first ? rows only
Hibernate: 
    select
        v1_0.id 
    from
        vacancies v1_0 
    where
        v1_0.link=? 
    fetch
        first ? rows only
Hibernate: 
    select
        v1_0.id 
    from
        vacancies v1_0 
    where
        v1_0.link=? 
    fetch
        first ? rows only
Hibernate: 
    select
        v1_0.id 
    from
        vacancies v1_0 
    where
        v1_0.link=? 
    fetch
        first ? rows only
Hibernate: 
    select
        v1_0.id 
    from
        vacancies v1_0 
    where
        v1_0.link=? 
    fetch
        first ? rows only
Hibernate: 
    select
        v1_0.id 
    from
        vacancies v1_0 
    where
        v1_0.link=? 
    fetch
        first ? rows only
2025-06-07 00:47:49 [scheduling-1] INFO  c.e.service.general.VacancyLogger - Fetching page 9
2025-06-07 00:47:49 [scheduling-1] INFO  c.e.service.general.VacancyLogger - Fetching page 9
Hibernate: 
    select
        v1_0.id 
    from
        vacancies v1_0 
    where
        v1_0.link=? 
    fetch
        first ? rows only
Hibernate: 
    select
        v1_0.id 
    from
        vacancies v1_0 
    where
        v1_0.link=? 
    fetch
        first ? rows only
Hibernate: 
    select
        v1_0.id 
    from
        vacancies v1_0 
    where
        v1_0.link=? 
    fetch
        first ? rows only
Hibernate: 
    select
        v1_0.id 
    from
        vacancies v1_0 
    where
        v1_0.link=? 
    fetch
        first ? rows only
Hibernate: 
    select
        v1_0.id 
    from
        vacancies v1_0 
    where
        v1_0.link=? 
    fetch
        first ? rows only
Hibernate: 
    select
        v1_0.id 
    from
        vacancies v1_0 
    where
        v1_0.link=? 
    fetch
        first ? rows only
Hibernate: 
    select
        v1_0.id 
    from
        vacancies v1_0 
    where
        v1_0.link=? 
    fetch
        first ? rows only
Hibernate: 
    select
        v1_0.id 
    from
        vacancies v1_0 
    where
        v1_0.link=? 
    fetch
        first ? rows only
Hibernate: 
    select
        v1_0.id 
    from
        vacancies v1_0 
    where
        v1_0.link=? 
    fetch
        first ? rows only
Hibernate: 
    select
        v1_0.id 
    from
        vacancies v1_0 
    where
        v1_0.link=? 
    fetch
        first ? rows only
Hibernate: 
    select
        v1_0.id 
    from
        vacancies v1_0 
    where
        v1_0.link=? 
    fetch
        first ? rows only
Hibernate: 
    select
        v1_0.id 
    from
        vacancies v1_0 
    where
        v1_0.link=? 
    fetch
        first ? rows only
Hibernate: 
    select
        v1_0.id 
    from
        vacancies v1_0 
    where
        v1_0.link=? 
    fetch
        first ? rows only
Hibernate: 
    select
        v1_0.id 
    from
        vacancies v1_0 
    where
        v1_0.link=? 
    fetch
        first ? rows only
Hibernate: 
    select
        v1_0.id 
    from
        vacancies v1_0 
    where
        v1_0.link=? 
    fetch
        first ? rows only
Hibernate: 
    select
        v1_0.id 
    from
        vacancies v1_0 
    where
        v1_0.link=? 
    fetch
        first ? rows only
Hibernate: 
    select
        v1_0.id 
    from
        vacancies v1_0 
    where
        v1_0.link=? 
    fetch
        first ? rows only
Hibernate: 
    select
        v1_0.id 
    from
        vacancies v1_0 
    where
        v1_0.link=? 
    fetch
        first ? rows only
Hibernate: 
    select
        v1_0.id 
    from
        vacancies v1_0 
    where
        v1_0.link=? 
    fetch
        first ? rows only
Hibernate: 
    select
        v1_0.id 
    from
        vacancies v1_0 
    where
        v1_0.link=? 
    fetch
        first ? rows only
Hibernate: 
    select
        v1_0.id 
    from
        vacancies v1_0 
    where
        v1_0.link=? 
    fetch
        first ? rows only
Hibernate: 
    select
        v1_0.id 
    from
        vacancies v1_0 
    where
        v1_0.link=? 
    fetch
        first ? rows only
Hibernate: 
    select
        v1_0.id 
    from
        vacancies v1_0 
    where
        v1_0.link=? 
    fetch
        first ? rows only
Hibernate: 
    select
        v1_0.id 
    from
        vacancies v1_0 
    where
        v1_0.link=? 
    fetch
        first ? rows only
Hibernate: 
    select
        v1_0.id 
    from
        vacancies v1_0 
    where
        v1_0.link=? 
    fetch
        first ? rows only
Hibernate: 
    select
        v1_0.id 
    from
        vacancies v1_0 
    where
        v1_0.link=? 
    fetch
        first ? rows only
Hibernate: 
    select
        v1_0.id 
    from
        vacancies v1_0 
    where
        v1_0.link=? 
    fetch
        first ? rows only
Hibernate: 
    select
        v1_0.id 
    from
        vacancies v1_0 
    where
        v1_0.link=? 
    fetch
        first ? rows only
Hibernate: 
    select
        v1_0.id 
    from
        vacancies v1_0 
    where
        v1_0.link=? 
    fetch
        first ? rows only
Hibernate: 
    select
        v1_0.id 
    from
        vacancies v1_0 
    where
        v1_0.link=? 
    fetch
        first ? rows only
2025-06-07 00:47:49 [scheduling-1] INFO  c.e.service.general.VacancyLogger - Fetching page 7
2025-06-07 00:47:49 [scheduling-1] INFO  c.e.service.general.VacancyLogger - Fetching page 7
Hibernate: 
    select
        v1_0.id 
    from
        vacancies v1_0 
    where
        v1_0.link=? 
    fetch
        first ? rows only
Hibernate: 
    select
        v1_0.id 
    from
        vacancies v1_0 
    where
        v1_0.link=? 
    fetch
        first ? rows only
Hibernate: 
    select
        v1_0.id 
    from
        vacancies v1_0 
    where
        v1_0.link=? 
    fetch
        first ? rows only
Hibernate: 
    select
        v1_0.id 
    from
        vacancies v1_0 
    where
        v1_0.link=? 
    fetch
        first ? rows only
Hibernate: 
    select
        v1_0.id 
    from
        vacancies v1_0 
    where
        v1_0.link=? 
    fetch
        first ? rows only
Hibernate: 
    select
        v1_0.id 
    from
        vacancies v1_0 
    where
        v1_0.link=? 
    fetch
        first ? rows only
Hibernate: 
    select
        v1_0.id 
    from
        vacancies v1_0 
    where
        v1_0.link=? 
    fetch
        first ? rows only
Hibernate: 
    select
        v1_0.id 
    from
        vacancies v1_0 
    where
        v1_0.link=? 
    fetch
        first ? rows only
Hibernate: 
    select
        v1_0.id 
    from
        vacancies v1_0 
    where
        v1_0.link=? 
    fetch
        first ? rows only
Hibernate: 
    select
        v1_0.id 
    from
        vacancies v1_0 
    where
        v1_0.link=? 
    fetch
        first ? rows only
Hibernate: 
    select
        v1_0.id 
    from
        vacancies v1_0 
    where
        v1_0.link=? 
    fetch
        first ? rows only
Hibernate: 
    select
        v1_0.id 
    from
        vacancies v1_0 
    where
        v1_0.link=? 
    fetch
        first ? rows only
Hibernate: 
    select
        v1_0.id 
    from
        vacancies v1_0 
    where
        v1_0.link=? 
    fetch
        first ? rows only
Hibernate: 
    select
        v1_0.id 
    from
        vacancies v1_0 
    where
        v1_0.link=? 
    fetch
        first ? rows only
Hibernate: 
    select
        v1_0.id 
    from
        vacancies v1_0 
    where
        v1_0.link=? 
    fetch
        first ? rows only
Hibernate: 
    select
        v1_0.id 
    from
        vacancies v1_0 
    where
        v1_0.link=? 
    fetch
        first ? rows only
Hibernate: 
    select
        v1_0.id 
    from
        vacancies v1_0 
    where
        v1_0.link=? 
    fetch
        first ? rows only
Hibernate: 
    select
        v1_0.id 
    from
        vacancies v1_0 
    where
        v1_0.link=? 
    fetch
        first ? rows only
Hibernate: 
    select
        v1_0.id 
    from
        vacancies v1_0 
    where
        v1_0.link=? 
    fetch
        first ? rows only
Hibernate: 
    select
        v1_0.id 
    from
        vacancies v1_0 
    where
        v1_0.link=? 
    fetch
        first ? rows only
Hibernate: 
    select
        v1_0.id 
    from
        vacancies v1_0 
    where
        v1_0.link=? 
    fetch
        first ? rows only
Hibernate: 
    select
        v1_0.id 
    from
        vacancies v1_0 
    where
        v1_0.link=? 
    fetch
        first ? rows only
Hibernate: 
    select
        v1_0.id 
    from
        vacancies v1_0 
    where
        v1_0.link=? 
    fetch
        first ? rows only
Hibernate: 
    select
        v1_0.id 
    from
        vacancies v1_0 
    where
        v1_0.link=? 
    fetch
        first ? rows only
Hibernate: 
    select
        v1_0.id 
    from
        vacancies v1_0 
    where
        v1_0.link=? 
    fetch
        first ? rows only
Hibernate: 
    select
        v1_0.id 
    from
        vacancies v1_0 
    where
        v1_0.link=? 
    fetch
        first ? rows only
Hibernate: 
    select
        v1_0.id 
    from
        vacancies v1_0 
    where
        v1_0.link=? 
    fetch
        first ? rows only
Hibernate: 
    select
        v1_0.id 
    from
        vacancies v1_0 
    where
        v1_0.link=? 
    fetch
        first ? rows only
Hibernate: 
    select
        v1_0.id 
    from
        vacancies v1_0 
    where
        v1_0.link=? 
    fetch
        first ? rows only
Hibernate: 
    select
        v1_0.id 
    from
        vacancies v1_0 
    where
        v1_0.link=? 
    fetch
        first ? rows only
2025-06-07 00:47:49 [scheduling-1] INFO  c.e.service.general.VacancyLogger - Summary - Saved: 0, Skipped: 0, From DB: 396, Total in result: 396
2025-06-07 00:47:49 [scheduling-1] INFO  c.e.service.general.VacancyLogger - Starting to fetch vacancies for language: Python and city: Москва
Hibernate: 
    select
        v1_0.id,
        v1_0.city,
        v1_0.company,
        v1_0.currency,
        v1_0.language,
        v1_0.link,
        v1_0.published_at,
        v1_0.requirement,
        v1_0.responsibility,
        v1_0.salary_from,
        v1_0.salary_to,
        v1_0.title 
    from
        vacancies v1_0 
    where
        (
            ? is null 
            or v1_0.language=?
        ) 
        and (
            ? is null 
            or v1_0.city=?
        )
2025-06-07 00:47:49 [scheduling-1] INFO  c.e.service.general.VacancyLogger - Found 100 existing vacancies in database
2025-06-07 00:47:49 [scheduling-1] INFO  c.e.service.general.VacancyLogger - Search parameters - Language: Python, City: Москва
2025-06-07 00:47:49 [scheduling-1] INFO  c.e.service.general.VacancyLogger - Adding existing vacancy: Python Разработчик at Батенев Родион Евгеньевич
2025-06-07 00:47:49 [scheduling-1] INFO  c.e.service.general.VacancyLogger - Adding existing vacancy: Middle+/Senior Python разработчик at Blue underlined link
2025-06-07 00:47:49 [scheduling-1] INFO  c.e.service.general.VacancyLogger - Adding existing vacancy: Python-разработчик at Базальт СПО
2025-06-07 00:47:49 [scheduling-1] INFO  c.e.service.general.VacancyLogger - Adding existing vacancy: Python-разработчик at КРОК
2025-06-07 00:47:49 [scheduling-1] INFO  c.e.service.general.VacancyLogger - Adding existing vacancy: Python -разработчик at Танто Солюшнз
2025-06-07 00:47:49 [scheduling-1] INFO  c.e.service.general.VacancyLogger - Adding existing vacancy: Python Developer at Аренадата Софтвер
2025-06-07 00:47:49 [scheduling-1] INFO  c.e.service.general.VacancyLogger - Adding existing vacancy: Python разработчик at Corporate Performance Systems
2025-06-07 00:47:49 [scheduling-1] INFO  c.e.service.general.VacancyLogger - Adding existing vacancy: Python-разработчик at Первый Бит
2025-06-07 00:47:49 [scheduling-1] INFO  c.e.service.general.VacancyLogger - Adding existing vacancy: Backend разработчик python (junior) at BND LLC
2025-06-07 00:47:49 [scheduling-1] INFO  c.e.service.general.VacancyLogger - Adding existing vacancy: Python-разработчик at Спец-ЭК
2025-06-07 00:47:49 [scheduling-1] INFO  c.e.service.general.VacancyLogger - Adding existing vacancy: Python-разработчик at Qualitica
2025-06-07 00:47:49 [scheduling-1] INFO  c.e.service.general.VacancyLogger - Adding existing vacancy: Python-разработчик at CoMagic.dev
2025-06-07 00:47:49 [scheduling-1] INFO  c.e.service.general.VacancyLogger - Adding existing vacancy: Python developer (Senior) at AYA Group
2025-06-07 00:47:49 [scheduling-1] INFO  c.e.service.general.VacancyLogger - Adding existing vacancy: Python developer at Ваш KPI
2025-06-07 00:47:49 [scheduling-1] INFO  c.e.service.general.VacancyLogger - Adding existing vacancy: Python-разработчик (Linux / Highload инфраструктура) at HR Prime
2025-06-07 00:47:49 [scheduling-1] INFO  c.e.service.general.VacancyLogger - Adding existing vacancy: Разработчик искусственного интеллекта/python-backend at Геномед
2025-06-07 00:47:49 [scheduling-1] INFO  c.e.service.general.VacancyLogger - Adding existing vacancy: Python-разработчик (проект) at Хэндсапп
2025-06-07 00:47:49 [scheduling-1] INFO  c.e.service.general.VacancyLogger - Adding existing vacancy: Python-разработчик at Soft Media Group
2025-06-07 00:47:49 [scheduling-1] INFO  c.e.service.general.VacancyLogger - Adding existing vacancy: Backend-Developer Python (intern/junior) at Онлайн-школа Тетрика
2025-06-07 00:47:49 [scheduling-1] INFO  c.e.service.general.VacancyLogger - Adding existing vacancy: Middle Backend-разработчик (Python) at Рекламное Агентство Смарт Консалтинг
2025-06-07 00:47:49 [scheduling-1] INFO  c.e.service.general.VacancyLogger - Adding existing vacancy: Разработчик Python Developer Middle, Middle+ (робототехника) at Робопро
2025-06-07 00:47:49 [scheduling-1] INFO  c.e.service.general.VacancyLogger - Adding existing vacancy: С/Python Developer at Криптонит
2025-06-07 00:47:49 [scheduling-1] INFO  c.e.service.general.VacancyLogger - Adding existing vacancy: Python разработчик at Павел
2025-06-07 00:47:49 [scheduling-1] INFO  c.e.service.general.VacancyLogger - Adding existing vacancy: Бэкэнд разработчик Python (Software engineer) at AC Studio
2025-06-07 00:47:49 [scheduling-1] INFO  c.e.service.general.VacancyLogger - Adding existing vacancy: Программист-разработчик Python в Fintech-компанию at FINAMP
2025-06-07 00:47:49 [scheduling-1] INFO  c.e.service.general.VacancyLogger - Adding existing vacancy: Разработчик Python (Django, DRF) at Фабрика Решений
2025-06-07 00:47:49 [scheduling-1] INFO  c.e.service.general.VacancyLogger - Adding existing vacancy: Python-разработчик at Эйчар Рокет
2025-06-07 00:47:49 [scheduling-1] INFO  c.e.service.general.VacancyLogger - Adding existing vacancy: Python (Django) backend разработчик at Gorodissky IP Security
2025-06-07 00:47:49 [scheduling-1] INFO  c.e.service.general.VacancyLogger - Adding existing vacancy: Backend разработчик (Python DRF) at idaproject
2025-06-07 00:47:49 [scheduling-1] INFO  c.e.service.general.VacancyLogger - Adding existing vacancy: Python-разработчик at Медиалогия
2025-06-07 00:47:49 [scheduling-1] INFO  c.e.service.general.VacancyLogger - Adding existing vacancy: Junior Python Разработчик at Батенев Родион Евгеньевич
2025-06-07 00:47:49 [scheduling-1] INFO  c.e.service.general.VacancyLogger - Adding existing vacancy: Python-разработчик at Компания БКС
2025-06-07 00:47:49 [scheduling-1] INFO  c.e.service.general.VacancyLogger - Adding existing vacancy: Python разработчик (интеграция) at F6
2025-06-07 00:47:49 [scheduling-1] INFO  c.e.service.general.VacancyLogger - Adding existing vacancy: Младший специалист отдела разработки (Python) / Специалист по парсингу данных at MillionAgents
2025-06-07 00:47:49 [scheduling-1] INFO  c.e.service.general.VacancyLogger - Adding existing vacancy: Python разработчик (middle/middle+) at ДИКСИ, группа компаний
2025-06-07 00:47:49 [scheduling-1] INFO  c.e.service.general.VacancyLogger - Adding existing vacancy: Python-разработчик at Сиэс Групп
2025-06-07 00:47:49 [scheduling-1] INFO  c.e.service.general.VacancyLogger - Adding existing vacancy: Аналитик данных (Power Bi, SQL, Python) at ГК ЭнергоПроф
2025-06-07 00:47:49 [scheduling-1] INFO  c.e.service.general.VacancyLogger - Adding existing vacancy: Python-разработчик at Кадровое агентство HireWay
2025-06-07 00:47:49 [scheduling-1] INFO  c.e.service.general.VacancyLogger - Adding existing vacancy: Middle Python Developer at FIX
2025-06-07 00:47:49 [scheduling-1] INFO  c.e.service.general.VacancyLogger - Adding existing vacancy: Программист-разработчик (Python/Django) / Middle back-end developer at CATAPULTO.RU
2025-06-07 00:47:49 [scheduling-1] INFO  c.e.service.general.VacancyLogger - Adding existing vacancy: AI Engineer / LLM Architect (Python, мультимодальные боты, цифровой контент) at ВиаМоби
2025-06-07 00:47:49 [scheduling-1] INFO  c.e.service.general.VacancyLogger - Adding existing vacancy: QA Automation (Python) Engineer at DCloud
2025-06-07 00:47:49 [scheduling-1] INFO  c.e.service.general.VacancyLogger - Adding existing vacancy: Middle Python Developer at ЭНГРИ
2025-06-07 00:47:49 [scheduling-1] INFO  c.e.service.general.VacancyLogger - Adding existing vacancy: Python-разработчик (Middle) at Федеральное автономное учреждение Государственный Научно-Исследовательский Институт Авиационных Систем
2025-06-07 00:47:49 [scheduling-1] INFO  c.e.service.general.VacancyLogger - Adding existing vacancy: Middle Python/FastAPI developer at Хорьков Эдуард Вячеславович
2025-06-07 00:47:49 [scheduling-1] INFO  c.e.service.general.VacancyLogger - Adding existing vacancy: Python-разработчик at НТЦ АВАНГАРД
2025-06-07 00:47:49 [scheduling-1] INFO  c.e.service.general.VacancyLogger - Adding existing vacancy: Python разработчик\Внедренец (Москва и область) at ISPsystem
2025-06-07 00:47:49 [scheduling-1] INFO  c.e.service.general.VacancyLogger - Adding existing vacancy: Middle+ Python Developer at Пикварио Технологии
2025-06-07 00:47:49 [scheduling-1] INFO  c.e.service.general.VacancyLogger - Adding existing vacancy: Senior Python developer/ Ведущий разработчик (FastAPI) at Эквариум
2025-06-07 00:47:49 [scheduling-1] INFO  c.e.service.general.VacancyLogger - Adding existing vacancy: Python разработчик at ГНИВЦ
2025-06-07 00:47:49 [scheduling-1] INFO  c.e.service.general.VacancyLogger - Adding existing vacancy: Python-разработчик (направление искусственного интеллекта) at Национальная Страховая Информационная Система
2025-06-07 00:47:49 [scheduling-1] INFO  c.e.service.general.VacancyLogger - Adding existing vacancy: Python developer middle at «Баланс-Платформа»
2025-06-07 00:47:49 [scheduling-1] INFO  c.e.service.general.VacancyLogger - Adding existing vacancy: Python-разработчик at НПЦ СпецЭлектронСистемы
2025-06-07 00:47:49 [scheduling-1] INFO  c.e.service.general.VacancyLogger - Adding existing vacancy: Python developer at АВ Софт
2025-06-07 00:47:49 [scheduling-1] INFO  c.e.service.general.VacancyLogger - Adding existing vacancy: Программист Python junior at CDNvideo (ООО СДН-видео)
2025-06-07 00:47:49 [scheduling-1] INFO  c.e.service.general.VacancyLogger - Adding existing vacancy: Python-разработчик (интеграционные решения) at Lenkep recruitment
2025-06-07 00:47:49 [scheduling-1] INFO  c.e.service.general.VacancyLogger - Adding existing vacancy: Automation QA Engineer (Python, pytest, CI/CD) at Чайкина Людмила Владимировна
2025-06-07 00:47:49 [scheduling-1] INFO  c.e.service.general.VacancyLogger - Adding existing vacancy: Python-разработчик at Ошка
2025-06-07 00:47:49 [scheduling-1] INFO  c.e.service.general.VacancyLogger - Adding existing vacancy: Разработчик Python at Angara Security
2025-06-07 00:47:49 [scheduling-1] INFO  c.e.service.general.VacancyLogger - Adding existing vacancy: Системный разработчик (Python, Linux, C++) at Xello
2025-06-07 00:47:49 [scheduling-1] INFO  c.e.service.general.VacancyLogger - Adding existing vacancy: Backend Python разработчик (Middle+/Senior) at Leads
2025-06-07 00:47:49 [scheduling-1] INFO  c.e.service.general.VacancyLogger - Adding existing vacancy: Backend-разработчик (Python) at Хайстекс
2025-06-07 00:47:49 [scheduling-1] INFO  c.e.service.general.VacancyLogger - Adding existing vacancy: Junior Python Developer / Младший backend разработчик at Okkam
2025-06-07 00:47:49 [scheduling-1] INFO  c.e.service.general.VacancyLogger - Adding existing vacancy: Middle Python-разработчик в команду региональных проектов, г. Москва at НТехЛаб
2025-06-07 00:47:49 [scheduling-1] INFO  c.e.service.general.VacancyLogger - Adding existing vacancy: Backend разработчик (Python, Django) at Бултрейд
2025-06-07 00:47:49 [scheduling-1] INFO  c.e.service.general.VacancyLogger - Adding existing vacancy: Senior Python Developer at WMT
2025-06-07 00:47:49 [scheduling-1] INFO  c.e.service.general.VacancyLogger - Adding existing vacancy: Разработчик Python at DIS Group
2025-06-07 00:47:49 [scheduling-1] INFO  c.e.service.general.VacancyLogger - Adding existing vacancy: Middle Python-разработчик at Рунити
2025-06-07 00:47:49 [scheduling-1] INFO  c.e.service.general.VacancyLogger - Adding existing vacancy: Python-разработчик at VK
2025-06-07 00:47:49 [scheduling-1] INFO  c.e.service.general.VacancyLogger - Adding existing vacancy: Backend-разработчик (Python) at Новые Телеком Решения (НТР)
2025-06-07 00:47:49 [scheduling-1] INFO  c.e.service.general.VacancyLogger - Adding existing vacancy: Инженер-программист Python (направление электрозарядные станции) at Парус электро
2025-06-07 00:47:49 [scheduling-1] INFO  c.e.service.general.VacancyLogger - Adding existing vacancy: Backend-разработчик Python at Микрокредитная Компания Небус
2025-06-07 00:47:49 [scheduling-1] INFO  c.e.service.general.VacancyLogger - Adding existing vacancy: Junior Python developer at Эквариум
2025-06-07 00:47:49 [scheduling-1] INFO  c.e.service.general.VacancyLogger - Adding existing vacancy: Младший Python-разработчик, Группа сетевой автоматизации at Ozon
2025-06-07 00:47:49 [scheduling-1] INFO  c.e.service.general.VacancyLogger - Adding existing vacancy: Backend-разработчик (Python) at Крафттех
2025-06-07 00:47:49 [scheduling-1] INFO  c.e.service.general.VacancyLogger - Adding existing vacancy: Старший разработчик (Python) at ORO
2025-06-07 00:47:49 [scheduling-1] INFO  c.e.service.general.VacancyLogger - Adding existing vacancy: Backend-разработчик (Senior, Lead Python) at Brandquad
2025-06-07 00:47:49 [scheduling-1] INFO  c.e.service.general.VacancyLogger - Adding existing vacancy: Python Junior / Middle AQA Engineer (МТС Веб Сервисы) at МТС
2025-06-07 00:47:49 [scheduling-1] INFO  c.e.service.general.VacancyLogger - Adding existing vacancy: Разработчик Python at Кинофлекс
2025-06-07 00:47:49 [scheduling-1] INFO  c.e.service.general.VacancyLogger - Adding existing vacancy: Middle Python разработчик (Django) at Production IT
2025-06-07 00:47:49 [scheduling-1] INFO  c.e.service.general.VacancyLogger - Adding existing vacancy: Разработчик Python at ProfiStaff
2025-06-07 00:47:49 [scheduling-1] INFO  c.e.service.general.VacancyLogger - Adding existing vacancy: Python developer (Senior\Lead) at GETMOBIT
2025-06-07 00:47:49 [scheduling-1] INFO  c.e.service.general.VacancyLogger - Adding existing vacancy: Junior Python Developer at ГК «МТ-Интеграция»
2025-06-07 00:47:49 [scheduling-1] INFO  c.e.service.general.VacancyLogger - Adding existing vacancy: Python-разработчик в MSK at НТехЛаб
2025-06-07 00:47:49 [scheduling-1] INFO  c.e.service.general.VacancyLogger - Adding existing vacancy: Python Developer (ML team) at Домклик
2025-06-07 00:47:49 [scheduling-1] INFO  c.e.service.general.VacancyLogger - Adding existing vacancy: Middle Python Developer at Игроник
2025-06-07 00:47:49 [scheduling-1] INFO  c.e.service.general.VacancyLogger - Adding existing vacancy: Python backend-разработчик at NFCKEY
2025-06-07 00:47:49 [scheduling-1] INFO  c.e.service.general.VacancyLogger - Adding existing vacancy: Python-разработчик (парсинг) at Аптрейд
2025-06-07 00:47:49 [scheduling-1] INFO  c.e.service.general.VacancyLogger - Adding existing vacancy: Python developer at eXpress
2025-06-07 00:47:49 [scheduling-1] INFO  c.e.service.general.VacancyLogger - Adding existing vacancy: Разработчик Python at Ростелеком Информационные Технологии
2025-06-07 00:47:49 [scheduling-1] INFO  c.e.service.general.VacancyLogger - Adding existing vacancy: Python-разработчик (Middle/Senior) at Умскул
2025-06-07 00:47:49 [scheduling-1] INFO  c.e.service.general.VacancyLogger - Adding existing vacancy: Python Engineer (LLM Evaluation & Analytics Engineer) at Воронцова Тамара Александровна
2025-06-07 00:47:49 [scheduling-1] INFO  c.e.service.general.VacancyLogger - Adding existing vacancy: Senior Python Developer at OpenWeather Ltd.
2025-06-07 00:47:49 [scheduling-1] INFO  c.e.service.general.VacancyLogger - Adding existing vacancy: Project-менеджер Python (junior/middle) at i-Media
2025-06-07 00:47:49 [scheduling-1] INFO  c.e.service.general.VacancyLogger - Adding existing vacancy: Python-разработчик at Лаборатория Безопасных Систем
2025-06-07 00:47:49 [scheduling-1] INFO  c.e.service.general.VacancyLogger - Adding existing vacancy: Middle Python backend developer (FastAPI) at РА Дельта
2025-06-07 00:47:49 [scheduling-1] INFO  c.e.service.general.VacancyLogger - Adding existing vacancy: Middle+/Senior Python developer at Спортлевел
2025-06-07 00:47:49 [scheduling-1] INFO  c.e.service.general.VacancyLogger - Adding existing vacancy: Программист-разработчик (Python) at ФАУ Единый институт пространственного планирования РФ
2025-06-07 00:47:49 [scheduling-1] INFO  c.e.service.general.VacancyLogger - Adding existing vacancy: Начинающий Python разработчик (работа с биологическими данными) at ФГБУ ЦСП ФМБА России
2025-06-07 00:47:49 [scheduling-1] INFO  c.e.service.general.VacancyLogger - Adding existing vacancy: Python developer (Проект "Платформа") Офис! at EdgeЦентр
2025-06-07 00:47:49 [scheduling-1] INFO  c.e.service.general.VacancyLogger - Fetching page 0
Hibernate: 
    select
        v1_0.id 
    from
        vacancies v1_0 
    where
        v1_0.link=? 
    fetch
        first ? rows only
Hibernate: 
    select
        v1_0.id 
    from
        vacancies v1_0 
    where
        v1_0.link=? 
    fetch
        first ? rows only
Hibernate: 
    select
        v1_0.id 
    from
        vacancies v1_0 
    where
        v1_0.link=? 
    fetch
        first ? rows only
Hibernate: 
    select
        v1_0.id 
    from
        vacancies v1_0 
    where
        v1_0.link=? 
    fetch
        first ? rows only
Hibernate: 
    select
        v1_0.id 
    from
        vacancies v1_0 
    where
        v1_0.link=? 
    fetch
        first ? rows only
Hibernate: 
    select
        v1_0.id 
    from
        vacancies v1_0 
    where
        v1_0.link=? 
    fetch
        first ? rows only
Hibernate: 
    select
        v1_0.id 
    from
        vacancies v1_0 
    where
        v1_0.link=? 
    fetch
        first ? rows only
Hibernate: 
    select
        v1_0.id 
    from
        vacancies v1_0 
    where
        v1_0.link=? 
    fetch
        first ? rows only
Hibernate: 
    select
        v1_0.id 
    from
        vacancies v1_0 
    where
        v1_0.link=? 
    fetch
        first ? rows only
Hibernate: 
    select
        v1_0.id 
    from
        vacancies v1_0 
    where
        v1_0.link=? 
    fetch
        first ? rows only
Hibernate: 
    select
        v1_0.id 
    from
        vacancies v1_0 
    where
        v1_0.link=? 
    fetch
        first ? rows only
Hibernate: 
    select
        v1_0.id 
    from
        vacancies v1_0 
    where
        v1_0.link=? 
    fetch
        first ? rows only
Hibernate: 
    select
        v1_0.id 
    from
        vacancies v1_0 
    where
        v1_0.link=? 
    fetch
        first ? rows only
Hibernate: 
    select
        v1_0.id 
    from
        vacancies v1_0 
    where
        v1_0.link=? 
    fetch
        first ? rows only
Hibernate: 
    select
        v1_0.id 
    from
        vacancies v1_0 
    where
        v1_0.link=? 
    fetch
        first ? rows only
Hibernate: 
    select
        v1_0.id 
    from
        vacancies v1_0 
    where
        v1_0.link=? 
    fetch
        first ? rows only
Hibernate: 
    select
        v1_0.id 
    from
        vacancies v1_0 
    where
        v1_0.link=? 
    fetch
        first ? rows only
Hibernate: 
    select
        v1_0.id 
    from
        vacancies v1_0 
    where
        v1_0.link=? 
    fetch
        first ? rows only
Hibernate: 
    select
        v1_0.id 
    from
        vacancies v1_0 
    where
        v1_0.link=? 
    fetch
        first ? rows only
Hibernate: 
    select
        v1_0.id 
    from
        vacancies v1_0 
    where
        v1_0.link=? 
    fetch
        first ? rows only
Hibernate: 
    select
        v1_0.id 
    from
        vacancies v1_0 
    where
        v1_0.link=? 
    fetch
        first ? rows only
Hibernate: 
    select
        v1_0.id 
    from
        vacancies v1_0 
    where
        v1_0.link=? 
    fetch
        first ? rows only
Hibernate: 
    select
        v1_0.id 
    from
        vacancies v1_0 
    where
        v1_0.link=? 
    fetch
        first ? rows only
Hibernate: 
    select
        v1_0.id 
    from
        vacancies v1_0 
    where
        v1_0.link=? 
    fetch
        first ? rows only
Hibernate: 
    select
        v1_0.id 
    from
        vacancies v1_0 
    where
        v1_0.link=? 
    fetch
        first ? rows only
Hibernate: 
    select
        v1_0.id 
    from
        vacancies v1_0 
    where
        v1_0.link=? 
    fetch
        first ? rows only
Hibernate: 
    select
        v1_0.id 
    from
        vacancies v1_0 
    where
        v1_0.link=? 
    fetch
        first ? rows only
Hibernate: 
    select
        v1_0.id 
    from
        vacancies v1_0 
    where
        v1_0.link=? 
    fetch
        first ? rows only
Hibernate: 
    select
        v1_0.id 
    from
        vacancies v1_0 
    where
        v1_0.link=? 
    fetch
        first ? rows only
Hibernate: 
    select
        v1_0.id 
    from
        vacancies v1_0 
    where
        v1_0.link=? 
    fetch
        first ? rows only
2025-06-07 00:47:49 [scheduling-1] INFO  c.e.service.general.VacancyLogger - Fetching page 8
2025-06-07 00:47:49 [scheduling-1] INFO  c.e.service.general.VacancyLogger - Fetching page 8
]]></system-out>
  </testcase>
  <testcase name="fetchVacanciesPageDifferentCity" classname="com.example.service.hh.HhApiTest" time="0.002"/>
  <testcase name="fetchVacanciesPageSuccess" classname="com.example.service.hh.HhApiTest" time="0.003"/>
  <testcase name="fetchVacanciesPageSuccess" classname="com.example.service.hh.HhApiTest" time="0.001"/>
  <testcase name="fetchVacanciesPageErrorResponse" classname="com.example.service.hh.HhApiTest" time="0.002"/>
  <testcase name="fetchVacanciesPageErrorResponse" classname="com.example.service.hh.HhApiTest" time="0.001"/>
  <testcase name="fetchVacanciesPageUrlEncoding" classname="com.example.service.hh.HhApiTest" time="0.002"/>
  <testcase name="fetchVacanciesPageUrlEncoding" classname="com.example.service.hh.HhApiTest" time="0.003"/>
</testsuite>